<?xml version="1.0" encoding="UTF-8"?>
<!-- Generated by org.testng.reporters.JUnitReportReporter -->
<testsuite hostname="LAPTOP-IH7Q3674" failures="0" tests="1" name="basic.OrganizationsTest" time="128.145" errors="0" timestamp="2024-03-15T12:54:16 IST" skipped="0">
  <testcase classname="basic.OrganizationsTest" name="createOrganizationsTest" time="128.145"/>
  <system-out/>
</testsuite> <!-- basic.OrganizationsTest -->
